\BOOKMARK [0][]{chapter*.1}{\376\377\122\115\212\000}{}% 1
\BOOKMARK [0][]{chapter*.2}{\376\377\176\246\133\232}{}% 2
\BOOKMARK [0][]{chapter.0.0}{\376\377\153\143\145\207\220\350\122\006}{}% 3
\BOOKMARK [0][]{chapter.1.1}{\376\377\173\054\116\000\172\340\000\040\000\040\155\113\221\317}{}% 4
\BOOKMARK [1][]{section.1.1.1}{\376\377\0001\000.\0001\000\040\123\125\117\115\116\016\221\317\176\262}{chapter.1.1}% 5
\BOOKMARK [1][]{section.1.1.2}{\376\377\0001\000.\0002\000\040\145\160\143\156\131\004\164\006}{chapter.1.1}% 6
\BOOKMARK [1][]{section.1.1.3}{\376\377\0001\000.\0003\000\040\213\376\124\016\116\140\230\230\000:\155\113\221\317}{chapter.1.1}% 7
\BOOKMARK [0][]{chapter.1.2}{\376\377\173\054\116\214\172\340\000\040\000\040}{}% 8
\BOOKMARK [1][]{section.1.2.1}{\376\377\0002\000.\0001\000\040}{chapter.1.2}% 9
\BOOKMARK [0][]{chapter.1.3}{\376\377\173\054\116\011\172\340\000\040\000\040\217\154\122\250\122\250\122\233\133\146}{}% 10
\BOOKMARK [1][]{section.1.3.1}{\376\377\0003\000.\0001\000\040\122\032\117\123}{chapter.1.3}% 11
\BOOKMARK [1][]{section.1.3.2}{\376\377\0003\000.\0002\000\040\217\154\122\250}{chapter.1.3}% 12
\BOOKMARK [2][]{subsection.1.3.2.1}{\376\377\0003\000.\0002\000.\0001\000\040\147\201\127\120\150\007\174\373}{section.1.3.2}% 13
\BOOKMARK [2][]{subsection.1.3.2.2}{\376\377\0003\000.\0002\000.\0002\000\040\123\311\116\130}{section.1.3.2}% 14
\BOOKMARK [2][]{subsection.1.3.2.3}{\376\377\0003\000.\0002\000.\0003\000\040\217\320\122\250\133\146\151\202\137\365}{section.1.3.2}% 15
\BOOKMARK [2][]{subsection.1.3.2.4}{\376\377\0003\000.\0002\000.\0004\000\040\122\250\122\233\133\146\151\202\137\365}{section.1.3.2}% 16
\BOOKMARK [1][]{section.1.3.3}{\376\377\0003\000.\0003\000\040\136\163\210\114\217\164\133\232\164\006\000/\145\275\154\360\176\263\133\232\164\006}{chapter.1.3}% 17
\BOOKMARK [1][]{section.1.3.4}{\376\377\0003\000.\0004\000\040\122\032\117\123\116\055\166\204\200\375\221\317}{chapter.1.3}% 18
\BOOKMARK [2][]{subsection.1.3.4.1}{\376\377\0003\000.\0004\000.\0001\000\040\176\257\217\154\122\250\116\055\166\204\200\375\221\317}{section.1.3.4}% 19
\BOOKMARK [2][]{subsection.1.3.4.2}{\376\377\0003\000.\0004\000.\0002\000\040\124\014\145\366\123\321\165\037\217\154\122\250\116\016\136\163\122\250\145\366\166\204\200\375\221\317}{section.1.3.4}% 20
\BOOKMARK [1][]{section.1.3.5}{\376\377\0003\000.\0005\000\040\211\322\122\250\221\317}{chapter.1.3}% 21
\BOOKMARK [2][]{subsection.1.3.5.1}{\376\377\0003\000.\0005\000.\0001\000\040\133\232\116\111}{section.1.3.5}% 22
\BOOKMARK [2][]{subsection.1.3.5.2}{\376\377\0003\000.\0005\000.\0002\000\040\211\322\122\250\221\317\133\210\140\122}{section.1.3.5}% 23
\BOOKMARK [2][]{subsection.1.3.5.3}{\376\377\0003\000.\0005\000.\0003\000\040\215\050\137\303\174\373\217\154\123\026}{section.1.3.5}% 24
\BOOKMARK [1][]{section.1.3.6}{\376\377\0003\000.\0006\000\040\221\315\137\303}{chapter.1.3}% 25
\BOOKMARK [1][]{section.1.3.7}{\376\377\0003\000.\0007\000\040\227\136\140\357\140\047\174\373\140\305\137\142}{chapter.1.3}% 26
\BOOKMARK [2][]{subsection.1.3.7.1}{\376\377\0003\000.\0007\000.\0001\000\040\227\136\140\357\140\047\122\233}{section.1.3.7}% 27
\BOOKMARK [2][]{subsection.1.3.7.2}{\376\377\0003\000.\0007\000.\0002\000\040\171\321\221\314\131\145\122\051\122\233\000*}{section.1.3.7}% 28
\BOOKMARK [1][]{section.1.3.8}{\376\377\0003\000.\0008\000\040\126\336\230\176\116\016\140\073\176\323}{chapter.1.3}% 29
\BOOKMARK [1][]{section.1.3.9}{\376\377\0003\000.\0009\000\040\213\376\124\016\116\140\230\230\377\032\217\154\122\250\122\250\122\233\133\146}{chapter.1.3}% 30
\BOOKMARK [0][]{chapter.1.4}{\376\377\173\054\126\333\172\340\000\040\000\040\155\101\117\123\122\233\133\146}{}% 31
\BOOKMARK [1][]{section.1.4.1}{\376\377\0004\000.\0001\000\040\155\101\117\123\166\204\133\232\116\111\116\016\140\047\215\050}{chapter.1.4}% 32
\BOOKMARK [1][]{section.1.4.2}{\376\377\0004\000.\0002\000\040\155\101\117\123\122\250\122\233\133\146}{chapter.1.4}% 33
\BOOKMARK [1][]{section.1.4.3}{\376\377\0004\000.\0003\000\040\213\376\124\016\116\140\230\230\000:\155\101\117\123\122\233\133\146}{chapter.1.4}% 34
\BOOKMARK [0][]{chapter.1.5}{\376\377\173\054\116\224\172\340\000\040\000\040\162\355\116\111\166\370\133\371\213\272}{}% 35
\BOOKMARK [1][]{section.1.5.1}{\376\377\0005\000.\0001\000\040\166\370\133\371\213\272\217\320\122\250\133\146}{chapter.1.5}% 36
\BOOKMARK [2][]{subsection.1.5.1.1}{\376\377\0005\000.\0001\000.\0001\000\040\127\372\147\054\120\107\213\276}{section.1.5.1}% 37
\BOOKMARK [2][]{subsection.1.5.1.2}{\376\377\0005\000.\0001\000.\0002\000\040\155\033\117\046\121\171\123\330\143\142}{section.1.5.1}% 38
\BOOKMARK [2][]{subsection.1.5.1.3}{\376\377\0005\000.\0001\000.\0003\000\040\122\250\134\072\145\066\177\051}{section.1.5.1}% 39
\BOOKMARK [2][]{subsection.1.5.1.4}{\376\377\0005\000.\0001\000.\0004\000\040\122\250\224\237\123\330\141\142}{section.1.5.1}% 40
\BOOKMARK [2][]{subsection.1.5.1.5}{\376\377\0005\000.\0001\000.\0005\000\040\220\037\136\246\123\330\143\142}{section.1.5.1}% 41
\BOOKMARK [0][]{chapter.1.6}{\376\377\173\054\121\155\172\340\000\040\000\040\160\355\122\233\133\146}{}% 42
\BOOKMARK [1][]{section.1.6.1}{\376\377\0006\000.\0001\000\040\133\374\213\272}{chapter.1.6}% 43
\BOOKMARK [1][]{section.1.6.2}{\376\377\0006\000.\0002\000\040\164\006\140\363\154\024\117\123}{chapter.1.6}% 44
\BOOKMARK [1][]{section.1.6.3}{\376\377\0006\000.\0003\000\040\122\006\133\120\122\250\164\006\213\272}{chapter.1.6}% 45
\BOOKMARK [2][]{subsection.1.6.3.1}{\376\377\0006\000.\0003\000.\0001\000\040\123\213\137\072\166\204\137\256\211\302\211\343\221\312}{section.1.6.3}% 46
\BOOKMARK [2][]{subsection.1.6.3.2}{\376\377\0006\000.\0003\000.\0002\000\040\200\375\221\317\127\107\122\006\123\237\164\006}{section.1.6.3}% 47
\BOOKMARK [2][]{subsection.1.6.3.3}{\376\377\0006\000.\0003\000.\0003\000\040\236\246\121\113\145\257\227\346\122\006\136\003}{section.1.6.3}% 48
\BOOKMARK [2][]{subsection.1.6.3.4}{\376\377\0006\000.\0003\000.\0004\000\040\163\273\134\024\121\171\146\374\122\006\136\003}{section.1.6.3}% 49
\BOOKMARK [2][]{subsection.1.6.3.5}{\376\377\0006\000.\0003\000.\0005\000\040\136\163\127\107\201\352\165\061\172\013}{section.1.6.3}% 50
\BOOKMARK [2][]{subsection.1.6.3.6}{\376\377\0006\000.\0003\000.\0006\000\040\203\003\137\267\123\116\162\266\140\001\145\271\172\013}{section.1.6.3}% 51
\BOOKMARK [1][]{section.1.6.4}{\376\377\0006\000.\0004\000\040\160\355\122\233\133\146\173\054\226\366\133\232\137\213}{chapter.1.6}% 52
\BOOKMARK [2][]{subsection.1.6.4.1}{\376\377\0006\000.\0004\000.\0001\000\040\137\025\212\000}{section.1.6.4}% 53
\BOOKMARK [2][]{subsection.1.6.4.2}{\376\377\0006\000.\0004\000.\0002\000\040\127\372\147\054\151\202\137\365}{section.1.6.4}% 54
\BOOKMARK [2][]{subsection.1.6.4.3}{\376\377\0006\000.\0004\000.\0003\000\040\156\051\136\246}{section.1.6.4}% 55
\BOOKMARK [1][]{section.1.6.5}{\376\377\0006\000.\0005\000\040\160\355\122\233\133\146\173\054\116\000\133\232\137\213}{chapter.1.6}% 56
\BOOKMARK [2][]{subsection.1.6.5.1}{\376\377\0006\000.\0005\000.\0001\000\040\160\355\116\016\122\237}{section.1.6.5}% 57
\BOOKMARK [2][]{mgnote.1.6.1}{\376\377\0006\000.\0005\000.\0002\000\040\217\307\172\013\116\313\176\315}{section.1.6.5}% 58
\BOOKMARK [1][]{section.1.6.6}{\376\377\0006\000.\0006\000\040\160\355\122\233\133\146\173\054\116\214\133\232\137\213}{chapter.1.6}% 59
\BOOKMARK [2][]{subsection.1.6.6.1}{\376\377\0006\000.\0006\000.\0001\000\040\160\355\147\072}{section.1.6.6}% 60
\BOOKMARK [2][]{subsection.1.6.6.2}{\376\377\0006\000.\0006\000.\0002\000\040\161\265}{section.1.6.6}% 61
\BOOKMARK [1][]{section.1.6.7}{\376\377\0006\000.\0007\000\040\160\355\122\233\133\146\173\054\116\011\133\232\137\213}{chapter.1.6}% 62
\BOOKMARK [1][]{section.1.6.8}{\376\377\0006\000.\0008\000\040\117\341\140\157}{chapter.1.6}% 63
\BOOKMARK [0][]{equation.1.6.8.2}{\376\377\213\301\146\016\220\350\122\006}{}% 64
\BOOKMARK [0][]{chapter.2.1}{\376\377\173\054\116\000\172\340\000\040\000\040\155\113\221\317}{}% 65
\BOOKMARK [0][]{chapter.2.2}{\376\377\173\054\116\214\172\340\000\040\000\040}{}% 66
\BOOKMARK [0][]{chapter.2.3}{\376\377\173\054\116\011\172\340\000\040\000\040\217\154\122\250\122\250\122\233\133\146}{}% 67
\BOOKMARK [0][]{chapter.2.4}{\376\377\173\054\126\333\172\340\000\040\000\040\155\101\117\123\122\233\133\146}{}% 68
\BOOKMARK [0][]{chapter.2.5}{\376\377\173\054\116\224\172\340\000\040\000\040\160\355\122\233\133\146}{}% 69
\BOOKMARK [1][]{section.2.5.1}{\376\377\0005\000.\0001\000\040\000P\000a\000r\000t\000\040\0001}{chapter.2.5}% 70
\BOOKMARK [1][]{section.2.5.2}{\376\377\0005\000.\0002\000\040\000P\000a\000r\000t\000\040\0002}{chapter.2.5}% 71
\BOOKMARK [0][]{equation.2.5.2.55}{\376\377\173\124\150\110\220\350\122\006}{}% 72
\BOOKMARK [0][]{chapter.3.1}{\376\377\173\054\116\000\172\340\000\040\000\040\155\113\221\317}{}% 73
\BOOKMARK [0][]{chapter.3.2}{\376\377\173\054\116\214\172\340\000\040\000\040}{}% 74
\BOOKMARK [0][]{chapter.3.3}{\376\377\173\054\116\011\172\340\000\040\000\040\217\154\122\250\122\250\122\233\133\146}{}% 75
\BOOKMARK [0][]{chapter.3.4}{\376\377\173\054\126\333\172\340\000\040\000\040\155\101\117\123\122\233\133\146}{}% 76
